mode: set
github.com/MarkTBSS/EP6-CH4-TDD_FizzBuzz/fizzbuzz.go:5.34,6.24 1 1
github.com/MarkTBSS/EP6-CH4-TDD_FizzBuzz/fizzbuzz.go:6.24,8.3 1 1
github.com/MarkTBSS/EP6-CH4-TDD_FizzBuzz/fizzbuzz.go:9.2,9.20 1 1
github.com/MarkTBSS/EP6-CH4-TDD_FizzBuzz/fizzbuzz.go:9.20,11.3 1 1
github.com/MarkTBSS/EP6-CH4-TDD_FizzBuzz/fizzbuzz.go:12.2,12.20 1 1
github.com/MarkTBSS/EP6-CH4-TDD_FizzBuzz/fizzbuzz.go:12.20,14.3 1 1
github.com/MarkTBSS/EP6-CH4-TDD_FizzBuzz/fizzbuzz.go:15.2,15.34 1 1
github.com/MarkTBSS/EP6-CH4-TDD_FizzBuzz/fizzbuzz.go:18.30,20.2 1 1
github.com/MarkTBSS/EP6-CH4-TDD_FizzBuzz/fizzbuzz.go:22.30,24.2 1 1
github.com/MarkTBSS/EP6-CH4-TDD_FizzBuzz/fizzbuzz.go:26.34,28.2 1 1
